<?xml version="1.0" encoding="utf-8"?><testsuites name="pytest tests"><testsuite name="pytest" errors="0" failures="0" skipped="0" tests="15" time="1.305" timestamp="2025-08-20T15:44:09.706336+00:00" hostname="pkrvmubgrv54qmi"><testcase classname="tests.test_main" name="test_health_check" time="0.014" /><testcase classname="tests.test_main" name="test_root_endpoint" time="0.005" /><testcase classname="tests.test_main" name="test_authentication_flow" time="0.009" /><testcase classname="tests.test_main" name="test_authentication_invalid_token" time="0.004" /><testcase classname="tests.test_main" name="test_authentication_no_token" time="0.003" /><testcase classname="tests.test_main" name="test_chat_message" time="0.009" /><testcase classname="tests.test_main" name="test_chat_conversations" time="0.007" /><testcase classname="tests.test_main" name="test_projects_list" time="0.007" /><testcase classname="tests.test_main" name="test_projects_create" time="0.009" /><testcase classname="tests.test_main" name="test_projects_validation" time="0.011" /><testcase classname="tests.test_main" name="test_workitems_list" time="0.007" /><testcase classname="tests.test_main" name="test_workitems_create" time="0.010" /><testcase classname="tests.test_main" name="test_cors_headers" time="0.003" /><testcase classname="tests.test_main" name="test_security_headers" time="0.003" /><testcase classname="tests.test_main" name="test_error_handling" time="0.006" /></testsuite></testsuites>