<?xml version="1.0" encoding="utf-8"?><testsuites name="pytest tests"><testsuite name="pytest" errors="0" failures="0" skipped="0" tests="15" time="0.610" timestamp="2025-08-25T16:54:03.986446+00:00" hostname="pkrvmqc4gcfdwos"><testcase classname="tests.test_main" name="test_health_check" time="0.094" /><testcase classname="tests.test_main" name="test_root_endpoint" time="0.005" /><testcase classname="tests.test_main" name="test_authentication_flow" time="0.009" /><testcase classname="tests.test_main" name="test_authentication_invalid_token" time="0.004" /><testcase classname="tests.test_main" name="test_authentication_no_token" time="0.004" /><testcase classname="tests.test_main" name="test_chat_message" time="0.010" /><testcase classname="tests.test_main" name="test_chat_conversations" time="0.008" /><testcase classname="tests.test_main" name="test_projects_list" time="0.008" /><testcase classname="tests.test_main" name="test_projects_create" time="0.010" /><testcase classname="tests.test_main" name="test_projects_validation" time="0.013" /><testcase classname="tests.test_main" name="test_workitems_list" time="0.009" /><testcase classname="tests.test_main" name="test_workitems_create" time="0.011" /><testcase classname="tests.test_main" name="test_cors_headers" time="0.004" /><testcase classname="tests.test_main" name="test_security_headers" time="0.004" /><testcase classname="tests.test_main" name="test_error_handling" time="0.008" /></testsuite></testsuites>